# JRE version: Java(TM) SE Runtime Environment (8.0_121-b13) (build 1.8.0_121-b13)
# Java VM: Java HotSpot(TM) 64-Bit Server VM (25.121-b13 mixed mode windows-amd64 compressed oops)
Heap:
 PSYoungGen      total 38400K, used 5991K [0x00000000d5700000, 0x00000000d8180000, 0x0000000100000000)
  eden space 33280K, 18% used [0x00000000d5700000,0x00000000d5cd9d38,0x00000000d7780000)
  from space 5120K, 0% used [0x00000000d7780000,0x00000000d7780000,0x00000000d7c80000)
  to   space 5120K, 0% used [0x00000000d7c80000,0x00000000d7c80000,0x00000000d8180000)
 ParOldGen       total 61440K, used 298K [0x0000000080400000, 0x0000000084000000, 0x00000000d5700000)
  object space 61440K, 0% used [0x0000000080400000,0x000000008044aa58,0x0000000084000000)
 Metaspace       used 5151K, capacity 5960K, committed 6144K, reserved 1058816K
  class space    used 604K, capacity 721K, committed 768K, reserved 1048576K
GC Heap History (4 events):
Event: 0.137 GC heap before
{Heap before GC invocations=1 (full 0):
 PSYoungGen      total 38400K, used 1331K [0x00000000d5700000, 0x00000000d8180000, 0x0000000100000000)
  eden space 33280K, 4% used [0x00000000d5700000,0x00000000d584cce8,0x00000000d7780000)
  from space 5120K, 0% used [0x00000000d7c80000,0x00000000d7c80000,0x00000000d8180000)
  to   space 5120K, 0% used [0x00000000d7780000,0x00000000d7780000,0x00000000d7c80000)
 ParOldGen       total 87552K, used 0K [0x0000000080400000, 0x0000000085980000, 0x00000000d5700000)
  object space 87552K, 0% used [0x0000000080400000,0x0000000080400000,0x0000000085980000)
 Metaspace       used 2516K, capacity 4482K, committed 4608K, reserved 1062912K
  class space    used 280K, capacity 386K, committed 512K, reserved 1048576K
Event: 0.138 GC heap after
Heap after GC invocations=1 (full 0):
 PSYoungGen      total 38400K, used 400K [0x00000000d5700000, 0x00000000d8180000, 0x0000000100000000)
  eden space 33280K, 0% used [0x00000000d5700000,0x00000000d5700000,0x00000000d7780000)
  from space 5120K, 7% used [0x00000000d7780000,0x00000000d77e4010,0x00000000d7c80000)
  to   space 5120K, 0% used [0x00000000d7c80000,0x00000000d7c80000,0x00000000d8180000)
 ParOldGen       total 87552K, used 8K [0x0000000080400000, 0x0000000085980000, 0x00000000d5700000)
  object space 87552K, 0% used [0x0000000080400000,0x0000000080402000,0x0000000085980000)
 Metaspace       used 2516K, capacity 4482K, committed 4608K, reserved 1062912K
  class space    used 280K, capacity 386K, committed 512K, reserved 1048576K
}
Event: 0.138 GC heap before
{Heap before GC invocations=2 (full 1):
 PSYoungGen      total 38400K, used 400K [0x00000000d5700000, 0x00000000d8180000, 0x0000000100000000)
  eden space 33280K, 0% used [0x00000000d5700000,0x00000000d5700000,0x00000000d7780000)
  from space 5120K, 7% used [0x00000000d7780000,0x00000000d77e4010,0x00000000d7c80000)
  to   space 5120K, 0% used [0x00000000d7c80000,0x00000000d7c80000,0x00000000d8180000)
 ParOldGen       total 87552K, used 8K [0x0000000080400000, 0x0000000085980000, 0x00000000d5700000)
  object space 87552K, 0% used [0x0000000080400000,0x0000000080402000,0x0000000085980000)
 Metaspace       used 2516K, capacity 4482K, committed 4608K, reserved 1062912K
  class space    used 280K, capacity 386K, committed 512K, reserved 1048576K
Event: 0.143 GC heap after
Heap after GC invocations=2 (full 1):
 PSYoungGen      total 38400K, used 0K [0x00000000d5700000, 0x00000000d8180000, 0x0000000100000000)
  eden space 33280K, 0% used [0x00000000d5700000,0x00000000d5700000,0x00000000d7780000)
  from space 5120K, 0% used [0x00000000d7780000,0x00000000d7780000,0x00000000d7c80000)
  to   space 5120K, 0% used [0x00000000d7c80000,0x00000000d7c80000,0x00000000d8180000)
 ParOldGen       total 61440K, used 298K [0x0000000080400000, 0x0000000084000000, 0x00000000d5700000)
  object space 61440K, 0% used [0x0000000080400000,0x000000008044aa58,0x0000000084000000)
 Metaspace       used 2516K, capacity 4482K, committed 4608K, reserved 1058816K
  class space    used 280K, capacity 386K, committed 512K, reserved 1048576K
}

