# JRE version: Java(TM) SE Runtime Environment (8.0_121-b13) (build 1.8.0_121-b13)
# Java VM: Java HotSpot(TM) 64-Bit Server VM (25.121-b13 mixed mode windows-amd64 compressed oops)
Heap:
 PSYoungGen      total 144384K, used 48826K [0x00000000d5700000, 0x00000000df500000, 0x0000000100000000)
  eden space 131584K, 37% used [0x00000000d5700000,0x00000000d86ae8c8,0x00000000dd780000)
  from space 12800K, 0% used [0x00000000de580000,0x00000000de580000,0x00000000df200000)
  to   space 14336K, 0% used [0x00000000dd780000,0x00000000dd780000,0x00000000de580000)
 ParOldGen       total 82432K, used 25223K [0x0000000080400000, 0x0000000085480000, 0x00000000d5700000)
  object space 82432K, 30% used [0x0000000080400000,0x0000000081ca1f38,0x0000000085480000)
 Metaspace       used 22933K, capacity 23682K, committed 23808K, reserved 1069056K
  class space    used 3050K, capacity 3218K, committed 3328K, reserved 1048576K
GC Heap History (10 events):
Event: 1.367 GC heap before
{Heap before GC invocations=3 (full 0):
 PSYoungGen      total 38400K, used 38394K [0x00000000d5700000, 0x00000000da200000, 0x0000000100000000)
  eden space 33280K, 100% used [0x00000000d5700000,0x00000000d7780000,0x00000000d7780000)
  from space 5120K, 99% used [0x00000000d7c80000,0x00000000d817eb88,0x00000000d8180000)
  to   space 5120K, 0% used [0x00000000d7780000,0x00000000d7780000,0x00000000d7c80000)
 ParOldGen       total 87552K, used 1904K [0x0000000080400000, 0x0000000085980000, 0x00000000d5700000)
  object space 87552K, 2% used [0x0000000080400000,0x00000000805dc000,0x0000000085980000)
 Metaspace       used 9369K, capacity 9762K, committed 10112K, reserved 1058816K
  class space    used 1148K, capacity 1309K, committed 1408K, reserved 1048576K
Event: 1.377 GC heap after
Heap after GC invocations=3 (full 0):
 PSYoungGen      total 38400K, used 5113K [0x00000000d5700000, 0x00000000da200000, 0x0000000100000000)
  eden space 33280K, 0% used [0x00000000d5700000,0x00000000d5700000,0x00000000d7780000)
  from space 5120K, 99% used [0x00000000d7780000,0x00000000d7c7e580,0x00000000d7c80000)
  to   space 5120K, 0% used [0x00000000d9d00000,0x00000000d9d00000,0x00000000da200000)
 ParOldGen       total 87552K, used 4672K [0x0000000080400000, 0x0000000085980000, 0x00000000d5700000)
  object space 87552K, 5% used [0x0000000080400000,0x0000000080890000,0x0000000085980000)
 Metaspace       used 9369K, capacity 9762K, committed 10112K, reserved 1058816K
  class space    used 1148K, capacity 1309K, committed 1408K, reserved 1048576K
}
Event: 1.416 GC heap before
{Heap before GC invocations=4 (full 0):
 PSYoungGen      total 38400K, used 38393K [0x00000000d5700000, 0x00000000da200000, 0x0000000100000000)
  eden space 33280K, 100% used [0x00000000d5700000,0x00000000d7780000,0x00000000d7780000)
  from space 5120K, 99% used [0x00000000d7780000,0x00000000d7c7e580,0x00000000d7c80000)
  to   space 5120K, 0% used [0x00000000d9d00000,0x00000000d9d00000,0x00000000da200000)
 ParOldGen       total 87552K, used 4672K [0x0000000080400000, 0x0000000085980000, 0x00000000d5700000)
  object space 87552K, 5% used [0x0000000080400000,0x0000000080890000,0x0000000085980000)
 Metaspace       used 9371K, capacity 9762K, committed 10112K, reserved 1058816K
  class space    used 1148K, capacity 1309K, committed 1408K, reserved 1048576K
Event: 1.426 GC heap after
Heap after GC invocations=4 (full 0):
 PSYoungGen      total 71680K, used 5089K [0x00000000d5700000, 0x00000000da200000, 0x0000000100000000)
  eden space 66560K, 0% used [0x00000000d5700000,0x00000000d5700000,0x00000000d9800000)
  from space 5120K, 99% used [0x00000000d9d00000,0x00000000da1f8718,0x00000000da200000)
  to   space 5120K, 0% used [0x00000000d9800000,0x00000000d9800000,0x00000000d9d00000)
 ParOldGen       total 87552K, used 7400K [0x0000000080400000, 0x0000000085980000, 0x00000000d5700000)
  object space 87552K, 8% used [0x0000000080400000,0x0000000080b3a000,0x0000000085980000)
 Metaspace       used 9371K, capacity 9762K, committed 10112K, reserved 1058816K
  class space    used 1148K, capacity 1309K, committed 1408K, reserved 1048576K
}
Event: 1.864 GC heap before
{Heap before GC invocations=5 (full 0):
 PSYoungGen      total 71680K, used 71649K [0x00000000d5700000, 0x00000000da200000, 0x0000000100000000)
  eden space 66560K, 100% used [0x00000000d5700000,0x00000000d9800000,0x00000000d9800000)
  from space 5120K, 99% used [0x00000000d9d00000,0x00000000da1f8718,0x00000000da200000)
  to   space 5120K, 0% used [0x00000000d9800000,0x00000000d9800000,0x00000000d9d00000)
 ParOldGen       total 87552K, used 7400K [0x0000000080400000, 0x0000000085980000, 0x00000000d5700000)
  object space 87552K, 8% used [0x0000000080400000,0x0000000080b3a000,0x0000000085980000)
 Metaspace       used 16593K, capacity 17066K, committed 17280K, reserved 1064960K
  class space    used 2172K, capacity 2318K, committed 2432K, reserved 1048576K
Event: 1.883 GC heap after
Heap after GC invocations=5 (full 0):
 PSYoungGen      total 71680K, used 5113K [0x00000000d5700000, 0x00000000df200000, 0x0000000100000000)
  eden space 66560K, 0% used [0x00000000d5700000,0x00000000d5700000,0x00000000d9800000)
  from space 5120K, 99% used [0x00000000d9800000,0x00000000d9cfe540,0x00000000d9d00000)
  to   space 12800K, 0% used [0x00000000de580000,0x00000000de580000,0x00000000df200000)
 ParOldGen       total 87552K, used 14091K [0x0000000080400000, 0x0000000085980000, 0x00000000d5700000)
  object space 87552K, 16% used [0x0000000080400000,0x00000000811c2e90,0x0000000085980000)
 Metaspace       used 16593K, capacity 17066K, committed 17280K, reserved 1064960K
  class space    used 2172K, capacity 2318K, committed 2432K, reserved 1048576K
}
Event: 3.064 GC heap before
{Heap before GC invocations=6 (full 0):
 PSYoungGen      total 71680K, used 24637K [0x00000000d5700000, 0x00000000df200000, 0x0000000100000000)
  eden space 66560K, 29% used [0x00000000d5700000,0x00000000d6a10f78,0x00000000d9800000)
  from space 5120K, 99% used [0x00000000d9800000,0x00000000d9cfe540,0x00000000d9d00000)
  to   space 12800K, 0% used [0x00000000de580000,0x00000000de580000,0x00000000df200000)
 ParOldGen       total 87552K, used 14091K [0x0000000080400000, 0x0000000085980000, 0x00000000d5700000)
  object space 87552K, 16% used [0x0000000080400000,0x00000000811c2e90,0x0000000085980000)
 Metaspace       used 20545K, capacity 21238K, committed 21296K, reserved 1067008K
  class space    used 2760K, capacity 2930K, committed 2944K, reserved 1048576K
Event: 3.074 GC heap after
Heap after GC invocations=6 (full 0):
 PSYoungGen      total 144384K, used 11722K [0x00000000d5700000, 0x00000000df500000, 0x0000000100000000)
  eden space 131584K, 0% used [0x00000000d5700000,0x00000000d5700000,0x00000000dd780000)
  from space 12800K, 91% used [0x00000000de580000,0x00000000df0f2ab8,0x00000000df200000)
  to   space 14336K, 0% used [0x00000000dd780000,0x00000000dd780000,0x00000000de580000)
 ParOldGen       total 87552K, used 14099K [0x0000000080400000, 0x0000000085980000, 0x00000000d5700000)
  object space 87552K, 16% used [0x0000000080400000,0x00000000811c4e90,0x0000000085980000)
 Metaspace       used 20545K, capacity 21238K, committed 21296K, reserved 1067008K
  class space    used 2760K, capacity 2930K, committed 2944K, reserved 1048576K
}
Event: 3.074 GC heap before
{Heap before GC invocations=7 (full 1):
 PSYoungGen      total 144384K, used 11722K [0x00000000d5700000, 0x00000000df500000, 0x0000000100000000)
  eden space 131584K, 0% used [0x00000000d5700000,0x00000000d5700000,0x00000000dd780000)
  from space 12800K, 91% used [0x00000000de580000,0x00000000df0f2ab8,0x00000000df200000)
  to   space 14336K, 0% used [0x00000000dd780000,0x00000000dd780000,0x00000000de580000)
 ParOldGen       total 87552K, used 14099K [0x0000000080400000, 0x0000000085980000, 0x00000000d5700000)
  object space 87552K, 16% used [0x0000000080400000,0x00000000811c4e90,0x0000000085980000)
 Metaspace       used 20545K, capacity 21238K, committed 21296K, reserved 1067008K
  class space    used 2760K, capacity 2930K, committed 2944K, reserved 1048576K
Event: 3.373 GC heap after
Heap after GC invocations=7 (full 1):
 PSYoungGen      total 144384K, used 0K [0x00000000d5700000, 0x00000000df500000, 0x0000000100000000)
  eden space 131584K, 0% used [0x00000000d5700000,0x00000000d5700000,0x00000000dd780000)
  from space 12800K, 0% used [0x00000000de580000,0x00000000de580000,0x00000000df200000)
  to   space 14336K, 0% used [0x00000000dd780000,0x00000000dd780000,0x00000000de580000)
 ParOldGen       total 82432K, used 25223K [0x0000000080400000, 0x0000000085480000, 0x00000000d5700000)
  object space 82432K, 30% used [0x0000000080400000,0x0000000081ca1f38,0x0000000085480000)
 Metaspace       used 20545K, capacity 21238K, committed 21296K, reserved 1067008K
  class space    used 2760K, capacity 2930K, committed 2944K, reserved 1048576K
}

